<?xml version="1.0" encoding="UTF-8"?>
<!-- Generated by org.testng.reporters.JUnitXMLReporter -->
<testsuite hostname="Chetan" ignored="0" name="Default test" tests="3" failures="0" timestamp="30 May 2021 16:19:46 GMT" time="0.09" errors="0">
  <testcase name="atTest" time="0.012" classname="TestNG_Chetan.sampleTC"/>
  <testcase name="don" time="0.004" classname="TestNG_Chetan.sampleTC"/>
  <testcase name="ab" time="0.002" classname="TestNG_Chetan.sampleTC"/>
</testsuite> <!-- Default test -->
