<?xml version="1.0" encoding="UTF-8"?>
<!-- Generated by org.testng.reporters.JUnitXMLReporter -->
<testsuite hostname="Chetan" ignored="1" name="smokeTest" tests="2" failures="0" timestamp="30 May 2021 17:12:35 GMT" time="0.008" errors="0">
  <testcase name="atTest" time="0.0" classname="TestNG_Chetan.groupsTest"/>
  <testcase name="don" time="0.0" classname="TestNG_Chetan.groupsTest"/>
  <testcase name="ab" time="0.0" classname="TestNG_Chetan.groupsTest">
    <ignored/>
  </testcase> <!-- ab -->
</testsuite> <!-- smokeTest -->
