<?xml version="1.0" encoding="UTF-8"?>
<!-- Generated by org.testng.reporters.JUnitXMLReporter -->
<testsuite hostname="Chetan" ignored="2" name="Test" tests="2" failures="0" timestamp="30 May 2021 17:26:55 GMT" time="0.082" errors="0">
  <testcase name="ab" time="0.008" classname="TestNG_Chetan.dataProviderTest"/>
  <testcase name="ab" time="0.0" classname="TestNG_Chetan.dataProviderTest"/>
  <testcase name="atTest" time="0.0" classname="TestNG_Chetan.dataProviderTest">
    <ignored/>
  </testcase> <!-- atTest -->
  <testcase name="don" time="0.0" classname="TestNG_Chetan.dataProviderTest">
    <ignored/>
  </testcase> <!-- don -->
</testsuite> <!-- Test -->
