<?xml version="1.0" encoding="UTF-8"?>
<testng-results skipped="0" failed="0" ignored="2" total="4" passed="2">
  <reporter-output>
  </reporter-output>
  <suite name="Suite" duration-ms="82" started-at="2021-05-30T17:26:55Z" finished-at="2021-05-30T17:26:55Z">
    <groups>
      <group name="Sanity">
        <method signature="dataProviderTest.ab(java.lang.String, java.lang.String)[pri:0, instance:TestNG_Chetan.dataProviderTest@6767c1fc]" name="ab" class="TestNG_Chetan.dataProviderTest"/>
      </group> <!-- Sanity -->
    </groups>
    <test name="Test" duration-ms="82" started-at="2021-05-30T17:26:55Z" finished-at="2021-05-30T17:26:55Z">
      <class name="TestNG_Chetan.dataProviderTest">
        <test-method status="PASS" signature="ab(java.lang.String, java.lang.String)[pri:0, instance:TestNG_Chetan.dataProviderTest@6767c1fc]" name="ab" duration-ms="8" started-at="2021-05-30T22:56:55Z" data-provider="testdata" finished-at="2021-05-30T22:56:55Z">
          <params>
            <param index="0">
              <value>
                <![CDATA[Hi]]>
              </value>
            </param>
            <param index="1">
              <value>
                <![CDATA[Dear]]>
              </value>
            </param>
          </params>
          <reporter-output>
          </reporter-output>
        </test-method> <!-- ab -->
        <test-method status="PASS" signature="ab(java.lang.String, java.lang.String)[pri:0, instance:TestNG_Chetan.dataProviderTest@6767c1fc]" name="ab" duration-ms="0" started-at="2021-05-30T22:56:55Z" data-provider="testdata" finished-at="2021-05-30T22:56:55Z">
          <params>
            <param index="0">
              <value>
                <![CDATA[Hi]]>
              </value>
            </param>
            <param index="1">
              <value>
                <![CDATA[Dear]]>
              </value>
            </param>
          </params>
          <reporter-output>
          </reporter-output>
        </test-method> <!-- ab -->
      </class> <!-- TestNG_Chetan.dataProviderTest -->
    </test> <!-- Test -->
  </suite> <!-- Suite -->
</testng-results>
